==2419== NVPROF is profiling process 2419, command: ./jacobi
==2419== Profiling application: ./jacobi
==2419== Profiling result:
"Start","Duration","Grid X","Grid Y","Grid Z","Block X","Block Y","Block Z","Registers Per Thread","Static SMem","Dynamic SMem","Size","Throughput","Device","Context","Stream","Name"
s,ms,,,,,,,,KB,B,MB,GB/s,,,,
0.547029,40.840573,,,,,,,,,,268.435456,6.572764,"Tesla K20c (0)","1","7","[CUDA memcpy HtoD]"
0.588728,13.091854,64,256,1,32,32,1,21,0.000000,3.276800e+04,,,"Tesla K20c (0)","1","7","__kernel___forma_kernel__0__(float*, int, int, float*, int, int, float*) [119]"
0.601823,2.780197,64,256,1,128,1,1,22,0.000000,0,,,"Tesla K20c (0)","1","7","__kernel___forma_kernel__1__(float*, int, int, int, int, float*) [128]"
0.604607,2.838021,64,256,1,128,1,1,22,0.000000,0,,,"Tesla K20c (0)","1","7","__kernel___forma_kernel__2__(float*, int, int, int, int, float*) [137]"
0.607448,13.080141,64,256,1,32,32,1,21,0.000000,3.276800e+04,,,"Tesla K20c (0)","1","7","__kernel___forma_kernel__3__(float*, int, int, float*, float*, int, int, float*) [155]"
0.620531,2.781925,64,256,1,128,1,1,22,0.000000,0,,,"Tesla K20c (0)","1","7","__kernel___forma_kernel__4__(float*, int, int, int, int, float*) [164]"
0.623316,2.837670,64,256,1,128,1,1,22,0.000000,0,,,"Tesla K20c (0)","1","7","__kernel___forma_kernel__5__(float*, int, int, int, int, float*) [173]"
0.626158,40.821532,,,,,,,,,,268.435456,6.575830,"Tesla K20c (0)","1","7","[CUDA memcpy DtoH]"
1.330211,40.764315,,,,,,,,,,268.435456,6.585060,"Tesla K20c (0)","1","7","[CUDA memcpy HtoD]"
1.371694,13.079533,64,256,1,32,32,1,21,0.000000,3.276800e+04,,,"Tesla K20c (0)","1","7","__kernel___forma_kernel__0__(float*, int, int, float*, int, int, float*) [212]"
1.384777,2.780517,64,256,1,128,1,1,22,0.000000,0,,,"Tesla K20c (0)","1","7","__kernel___forma_kernel__1__(float*, int, int, int, int, float*) [221]"
1.387561,2.837445,64,256,1,128,1,1,22,0.000000,0,,,"Tesla K20c (0)","1","7","__kernel___forma_kernel__2__(float*, int, int, int, int, float*) [230]"
1.390402,13.077869,64,256,1,32,32,1,21,0.000000,3.276800e+04,,,"Tesla K20c (0)","1","7","__kernel___forma_kernel__3__(float*, int, int, float*, float*, int, int, float*) [248]"
1.403483,2.780933,64,256,1,128,1,1,22,0.000000,0,,,"Tesla K20c (0)","1","7","__kernel___forma_kernel__4__(float*, int, int, int, int, float*) [257]"
1.406267,2.840614,64,256,1,128,1,1,22,0.000000,0,,,"Tesla K20c (0)","1","7","__kernel___forma_kernel__5__(float*, int, int, int, int, float*) [266]"
1.409111,40.810076,,,,,,,,,,268.435456,6.577676,"Tesla K20c (0)","1","7","[CUDA memcpy DtoH]"
1.465913,40.762331,,,,,,,,,,268.435456,6.585380,"Tesla K20c (0)","1","7","[CUDA memcpy HtoD]"
1.507389,13.089741,64,256,1,32,32,1,21,0.000000,3.276800e+04,,,"Tesla K20c (0)","1","7","__kernel___forma_kernel__0__(float*, int, int, float*, int, int, float*) [305]"
1.520482,2.778821,64,256,1,128,1,1,22,0.000000,0,,,"Tesla K20c (0)","1","7","__kernel___forma_kernel__1__(float*, int, int, int, int, float*) [314]"
1.523264,2.835078,64,256,1,128,1,1,22,0.000000,0,,,"Tesla K20c (0)","1","7","__kernel___forma_kernel__2__(float*, int, int, int, int, float*) [323]"
1.526103,13.065421,64,256,1,32,32,1,21,0.000000,3.276800e+04,,,"Tesla K20c (0)","1","7","__kernel___forma_kernel__3__(float*, int, int, float*, float*, int, int, float*) [341]"
1.539171,2.780996,64,256,1,128,1,1,22,0.000000,0,,,"Tesla K20c (0)","1","7","__kernel___forma_kernel__4__(float*, int, int, int, int, float*) [350]"
1.541955,2.838598,64,256,1,128,1,1,22,0.000000,0,,,"Tesla K20c (0)","1","7","__kernel___forma_kernel__5__(float*, int, int, int, int, float*) [359]"
1.544798,40.824733,,,,,,,,,,268.435456,6.575314,"Tesla K20c (0)","1","7","[CUDA memcpy DtoH]"
